<?xml version="1.0" encoding="UTF-8"?>
<!-- Generated by org.testng.reporters.JUnitReportReporter -->
<testsuite hostname="Anil" failures="0" tests="1" name="Testcases.Login_Page" time="1.824" errors="0" timestamp="2024-08-28T17:01:03 IST" skipped="0">
  <testcase classname="Testcases.Login_Page" name="verify_account_registration" time="1.824"/>
</testsuite> <!-- Testcases.Login_Page -->
