<?xml version="1.0" encoding="UTF-8"?>
<!-- Generated by org.testng.reporters.JUnitReportReporter -->
<testsuite hostname="Anil" failures="0" tests="1" name="Testcases.AboutSection" time="3.084" errors="0" timestamp="2024-08-28T18:06:17 IST" skipped="0">
  <testcase classname="Testcases.AboutSection" name="aboutpopup" time="3.084"/>
</testsuite> <!-- Testcases.AboutSection -->
